Summary of SPARK analysis
=========================

---------------------------------------------------------------------------------------------------------
SPARK Analysis results        Total        Flow   Interval   CodePeer      Provers   Justified   Unproved
---------------------------------------------------------------------------------------------------------
Data Dependencies                 .           .          .          .            .           .          .
Flow Dependencies                 .           .          .          .            .           .          .
Initialization                   38          38          .          .            .           .          .
Non-Aliasing                      .           .          .          .            .           .          .
Run-time Checks                   .           .          .          .            .           .          .
Assertions                        2           .          .          .     2 (CVC4)           .          .
Functional Contracts             15           .          .          .    15 (CVC4)           .          .
LSP Verification                  .           .          .          .            .           .          .
---------------------------------------------------------------------------------------------------------
Total                            55    38 (69%)          .          .     17 (31%)           .          .


Analyzed 5 units
in unit main, 0 subprograms and packages out of 1 analyzed
  Main at main.adb:1 skipped
in unit sensor, 4 subprograms and packages out of 4 analyzed
  Sensor at sensor.ads:1 flow analyzed (0 errors and 0 warnings) and proved (0 checks)
  Sensor.getSpeed at sensor.ads:18 flow analyzed (0 errors and 0 warnings) and proved (0 checks)
  Sensor.setSpeed at sensor.ads:23 flow analyzed (0 errors and 0 warnings) and proved (2 checks)
  Sensor.trainIncoming at sensor.ads:13 flow analyzed (0 errors and 0 warnings) and proved (2 checks)
in unit sensor2, 4 subprograms and packages out of 4 analyzed
  Sensor2 at sensor2.ads:1 flow analyzed (0 errors and 0 warnings) and proved (0 checks)
  Sensor2.getSpeed at sensor2.ads:18 flow analyzed (0 errors and 0 warnings) and proved (0 checks)
  Sensor2.setSpeed at sensor2.ads:23 flow analyzed (0 errors and 0 warnings) and proved (2 checks)
  Sensor2.trainIncoming at sensor2.ads:13 flow analyzed (0 errors and 0 warnings) and proved (2 checks)
in unit signal, 6 subprograms and packages out of 6 analyzed
  Signal at signal.ads:1 flow analyzed (0 errors and 0 warnings) and proved (0 checks)
  Signal.CorrectSignalsOff at signal.adb:51 flow analyzed (0 errors and 0 warnings) and proved (1 checks)
  Signal.CorrectSignalsOn at signal.adb:39 flow analyzed (0 errors and 0 warnings) and proved (1 checks)
  Signal.signalsIsOn at signal.ads:26 flow analyzed (0 errors and 0 warnings) and proved (1 checks)
  Signal.signalsOff at signal.ads:22 flow analyzed (0 errors and 0 warnings) and proved (0 checks)
  Signal.signalsOn at signal.ads:15 flow analyzed (0 errors and 0 warnings) and proved (1 checks)
in unit voter, 5 subprograms and packages out of 5 analyzed
  Voter at voter.ads:3 flow analyzed (0 errors and 0 warnings) and proved (0 checks)
  Voter.SelectValues at voter.ads:29 flow analyzed (0 errors and 0 warnings) and proved (2 checks)
  Voter.Sensor1Init at voter.ads:20 flow analyzed (0 errors and 0 warnings) and proved (1 checks)
  Voter.Sensor2Init at voter.ads:13 flow analyzed (0 errors and 0 warnings) and proved (1 checks)
  Voter.findMax at voter.ads:36 flow analyzed (0 errors and 0 warnings) and proved (1 checks)
