signal.adb:7:04: info: initialization of "SystemState" constituent of "State" proved[#0]
signal.adb:10:27: info: refined post proved[#22]
signal.adb:10:86: info: initialization of "SystemState" constituent of "State" proved[#2]
signal.adb:40:31: info: initialization of "SystemState" constituent of "State" proved[#14]
signal.adb:40:45: info: initialization of "Lights1" proved[#12]
signal.adb:40:55: info: initialization of "Barrier1" proved[#13]
signal.adb:40:65: info: initialization of "alarm1" proved[#15]
signal.adb:41:12: info: postcondition proved[#23]
signal.adb:41:13: info: initialization of "SystemState" constituent of "State" proved[#18]
signal.adb:41:34: info: initialization of "Lights1" proved[#16]
signal.adb:41:51: info: initialization of "Barrier1" proved[#17]
signal.adb:41:69: info: initialization of "alarm1" proved[#19]
signal.adb:52:31: info: initialization of "SystemState" constituent of "State" proved[#6]
signal.adb:52:45: info: initialization of "Lights1" proved[#4]
signal.adb:52:55: info: initialization of "Barrier1" proved[#5]
signal.adb:52:65: info: initialization of "alarm1" proved[#7]
signal.adb:53:12: info: postcondition proved[#21]
signal.adb:53:13: info: initialization of "SystemState" constituent of "State" proved[#10]
signal.adb:53:35: info: initialization of "Lights1" proved[#8]
signal.adb:53:53: info: initialization of "Barrier1" proved[#9]
signal.adb:53:72: info: initialization of "alarm1" proved[#11]
signal.ads:15:14: info: initialization of "SystemState" constituent of "State" proved[#1]
signal.ads:22:17: info: initialization of "SystemState" constituent of "State" proved[#3]
signal.ads:28:16: info: postcondition proved[#20]
