Summary of SPARK analysis
=========================

-------------------------------------------------------------------------------------------------------
SPARK Analysis results        Total       Flow   Interval   CodePeer     Provers   Justified   Unproved
-------------------------------------------------------------------------------------------------------
Data Dependencies                 .          .          .          .           .           .          .
Flow Dependencies                 .          .          .          .           .           .          .
Initialization                    4          4          .          .           .           .          .
Non-Aliasing                      .          .          .          .           .           .          .
Run-time Checks                   1          .          .          .    1 (CVC4)           .          .
Assertions                        .          .          .          .           .           .          .
Functional Contracts              3          .          .          .    2 (CVC4)           .          1
LSP Verification                  .          .          .          .           .           .          .
-------------------------------------------------------------------------------------------------------
Total                             8    4 (50%)          .          .     3 (38%)           .    1 (13%)


Analyzed 2 units
in unit light, 5 subprograms and packages out of 5 analyzed
  Light at light.ads:2 flow analyzed (0 errors and 0 warnings) and proved (1 checks)
  Light.Light_is_On at light.ads:14 flow analyzed (0 errors and 0 warnings) and proved (0 checks)
  Light.getState at light.ads:9 flow analyzed (0 errors and 0 warnings) and not proved, 0 checks out of 1 proved
  Light.turn_On at light.ads:18 flow analyzed (0 errors and 0 warnings) and proved (1 checks)
  Light.turn_off at light.ads:24 flow analyzed (0 errors and 0 warnings) and proved (1 checks)
in unit main, 0 subprograms and packages out of 1 analyzed
  Main at main.adb:3 skipped
